<testsuite name="Mocha Tests" tests="2" failures="0" errors="0" skipped="0" timestamp="Fri, 15 Jan 2016 09:57:40 GMT" time="5.009">
<testcase classname="array" name="should return -1 when the value is not present" time="0"/>
<testcase classname="async" name="set time out" time="0"></testcase>
</testsuite>
